<?xml version="1.0" encoding="UTF-8"?>
<testsuite xmlns:xsi="http://www.w3.org/2001/XMLSchema-instance" xsi:noNamespaceSchemaLocation="https://maven.apache.org/surefire/maven-surefire-plugin/xsd/surefire-test-report-3.0.xsd" version="3.0" name="com.sniffer.AppTest" time="0.022" tests="1" errors="0" skipped="0" failures="0">
  <properties>
    <property name="java.specification.version" value="17"/>
    <property name="sun.jnu.encoding" value="UTF-8"/>
    <property name="java.class.path" value="/tmp/java-sniffer/target/test-classes:/tmp/java-sniffer/target/classes:/home/dasjero98772/.m2/repository/junit/junit/3.8.1/junit-3.8.1.jar:/home/dasjero98772/.m2/repository/org/pcap4j/pcap4j-core/1.8.2/pcap4j-core-1.8.2.jar:/home/dasjero98772/.m2/repository/net/java/dev/jna/jna/5.3.1/jna-5.3.1.jar:/home/dasjero98772/.m2/repository/org/slf4j/slf4j-api/1.7.26/slf4j-api-1.7.26.jar:"/>
    <property name="java.vm.vendor" value="Arch Linux"/>
    <property name="sun.arch.data.model" value="64"/>
    <property name="java.vendor.url" value="https://openjdk.java.net/"/>
    <property name="os.name" value="Linux"/>
    <property name="java.vm.specification.version" value="17"/>
    <property name="sun.java.launcher" value="SUN_STANDARD"/>
    <property name="user.country" value="US"/>
    <property name="sun.boot.library.path" value="/usr/lib/jvm/java-17-openjdk/lib"/>
    <property name="sun.java.command" value="/tmp/java-sniffer/target/surefire/surefirebooter-20250206202455076_3.jar /tmp/java-sniffer/target/surefire 2025-02-06T20-24-54_861-jvmRun1 surefire-20250206202455076_1tmp surefire_0-20250206202455076_2tmp"/>
    <property name="jdk.debug" value="release"/>
    <property name="surefire.test.class.path" value="/tmp/java-sniffer/target/test-classes:/tmp/java-sniffer/target/classes:/home/dasjero98772/.m2/repository/junit/junit/3.8.1/junit-3.8.1.jar:/home/dasjero98772/.m2/repository/org/pcap4j/pcap4j-core/1.8.2/pcap4j-core-1.8.2.jar:/home/dasjero98772/.m2/repository/net/java/dev/jna/jna/5.3.1/jna-5.3.1.jar:/home/dasjero98772/.m2/repository/org/slf4j/slf4j-api/1.7.26/slf4j-api-1.7.26.jar:"/>
    <property name="sun.cpu.endian" value="little"/>
    <property name="user.home" value="/home/dasjero98772"/>
    <property name="user.language" value="en"/>
    <property name="java.specification.vendor" value="Oracle Corporation"/>
    <property name="java.version.date" value="2025-01-21"/>
    <property name="java.home" value="/usr/lib/jvm/java-17-openjdk"/>
    <property name="file.separator" value="/"/>
    <property name="basedir" value="/tmp/java-sniffer"/>
    <property name="java.vm.compressedOopsMode" value="Zero based"/>
    <property name="line.separator" value="&#10;"/>
    <property name="java.vm.specification.vendor" value="Oracle Corporation"/>
    <property name="java.specification.name" value="Java Platform API Specification"/>
    <property name="surefire.real.class.path" value="/tmp/java-sniffer/target/surefire/surefirebooter-20250206202455076_3.jar"/>
    <property name="sun.management.compiler" value="HotSpot 64-Bit Tiered Compilers"/>
    <property name="java.runtime.version" value="17.0.14+7"/>
    <property name="user.name" value="dasjero98772"/>
    <property name="path.separator" value=":"/>
    <property name="os.version" value="6.12.11-1-MANJARO"/>
    <property name="java.runtime.name" value="OpenJDK Runtime Environment"/>
    <property name="file.encoding" value="UTF-8"/>
    <property name="java.vm.name" value="OpenJDK 64-Bit Server VM"/>
    <property name="localRepository" value="/home/dasjero98772/.m2/repository"/>
    <property name="java.vendor.url.bug" value="https://bugreport.java.com/bugreport/"/>
    <property name="java.io.tmpdir" value="/tmp"/>
    <property name="java.version" value="17.0.14"/>
    <property name="user.dir" value="/tmp/java-sniffer"/>
    <property name="os.arch" value="amd64"/>
    <property name="java.vm.specification.name" value="Java Virtual Machine Specification"/>
    <property name="native.encoding" value="UTF-8"/>
    <property name="java.library.path" value="/usr/java/packages/lib:/usr/lib64:/lib64:/lib:/usr/lib"/>
    <property name="java.vm.info" value="mixed mode, sharing"/>
    <property name="java.vendor" value="Arch Linux"/>
    <property name="java.vm.version" value="17.0.14+7"/>
    <property name="java.specification.maintenance.version" value="1"/>
    <property name="sun.io.unicode.encoding" value="UnicodeLittle"/>
    <property name="java.class.version" value="61.0"/>
  </properties>
  <testcase name="testApp" classname="com.sniffer.AppTest" time="0.002"/>
</testsuite>